<?xml version="1.0" encoding="UTF-8"?>
<!-- Generated by org.testng.reporters.JUnitReportReporter -->
<testsuite hostname="E0847895" failures="0" tests="1" name="first_package.easyMaintainableTestDataFromExcel" time="0.025" errors="0" timestamp="24 Jan 2022 18:02:41 GMT">
  <testcase classname="first_package.easyMaintainableTestDataFromExcel" name="getDataFromExcellByeRowNameAndColumnName" time="0.025"/>
</testsuite> <!-- first_package.easyMaintainableTestDataFromExcel -->
