<?xml version="1.0" encoding="UTF-8"?>
<!-- Generated by org.testng.reporters.JUnitReportReporter -->
<testsuite hostname="E0847895" failures="0" tests="1" name="first_package.Test_Data_module" time="0.044" errors="0" timestamp="23 Jan 2022 12:32:25 GMT">
  <testcase classname="first_package.Test_Data_module" name="run" time="0.044"/>
</testsuite> <!-- first_package.Test_Data_module -->
