<?xml version="1.0" encoding="UTF-8"?>
<!-- Generated by org.testng.reporters.JUnitReportReporter -->
<testsuite hostname="E0847895" failures="0" tests="1" name="first_package.base" time="7.264" errors="0" timestamp="18 Jan 2022 14:30:18 GMT">
  <testcase classname="first_package.base" name="t" time="7.264"/>
</testsuite> <!-- first_package.base -->
