<?xml version="1.0" encoding="UTF-8"?>
<!-- Generated by org.testng.reporters.JUnitReportReporter -->
<testsuite hostname="E0847895" failures="0" tests="1" name="first_package.getAnyDataFromExcelModule" time="0.016" errors="0" timestamp="24 Jan 2022 17:29:12 GMT">
  <testcase classname="first_package.getAnyDataFromExcelModule" name="getDataFromExcell" time="0.016"/>
</testsuite> <!-- first_package.getAnyDataFromExcelModule -->
