<?xml version="1.0" encoding="UTF-8"?>
<!-- Generated by org.testng.reporters.JUnitReportReporter -->
<testsuite hostname="E0847895" failures="0" tests="1" name="first_package.run_all" time="0.060" errors="0" timestamp="20 Jan 2022 15:05:53 GMT">
  <testcase classname="first_package.run_all" name="assert_LiggedIn" time="0.060"/>
</testsuite> <!-- first_package.run_all -->
