<?xml version="1.0" encoding="UTF-8"?>
<!-- Generated by org.testng.reporters.JUnitReportReporter -->
<testsuite hostname="E0847895" failures="0" tests="1" name="first_package.trying_switch_frame" time="11.764" errors="0" timestamp="13 Jan 2022 10:00:05 GMT">
  <testcase classname="first_package.trying_switch_frame" name="operations" time="11.764"/>
</testsuite> <!-- first_package.trying_switch_frame -->
