<?xml version="1.0" encoding="UTF-8"?>
<!-- Generated by org.testng.reporters.JUnitReportReporter -->
<testsuite hostname="E0847895" failures="0" tests="1" name="first_package.check_email_name" time="0.011" errors="0" timestamp="18 Jan 2022 15:29:50 GMT">
  <testcase classname="first_package.check_email_name" name="another_email_name" time="0.011"/>
</testsuite> <!-- first_package.check_email_name -->
